[
  {
    "description": "Login",
    "elements": [
      {
        "id": "ScenarioSuccessful Login",
        "keyword": "Scenario",
        "line": 0,
        "name": "Successful Login",
        "skipped": false,
        "sourceLine": "undefined",
        "status": "passed",
        "steps": [
          {
            "hidden": false,
            "keyword": ">",
            "match": {
              "location": "D:\\Arpit\\Cypress_TestCafe\\TestCafe_Project\\Modules\\Login.js:1:0"
            },
            "name": "Successful Login",
            "result": {
              "duration": 21107,
              "status": "passed"
            },
            "tags": [],
            "text": [
              "<a href=\"#\">Successful Login</a>"
            ]
          }
        ],
        "tags": [],
        "type": "scenario",
        "uri": ""
      },
      {
        "id": "ScenarioUnsuccessful Login with invalid username",
        "keyword": "Scenario",
        "line": 0,
        "name": "Unsuccessful Login with invalid username",
        "skipped": false,
        "sourceLine": "undefined",
        "status": "failed",
        "steps": [
          {
            "hidden": false,
            "keyword": ">",
            "match": {
              "location": "D:\\Arpit\\Cypress_TestCafe\\TestCafe_Project\\Modules\\Login.js:1:0"
            },
            "name": "Unsuccessful Login with invalid username",
            "result": {
              "duration": 24730,
              "error_message": "1) Uncaught exception:\n\n   Error:\n\n   Browser: Chrome 97.0.4692.99 / Windows 10",
              "status": "failed"
            },
            "tags": [],
            "text": [
              "<a href=\"#\">Unsuccessful Login with invalid username</a>"
            ]
          }
        ],
        "tags": [],
        "type": "scenario",
        "uri": ""
      },
      {
        "id": "ScenarioUnsuccessful Login with wrong password",
        "keyword": "Scenario",
        "line": 0,
        "name": "Unsuccessful Login with wrong password",
        "skipped": false,
        "sourceLine": "undefined",
        "status": "passed",
        "steps": [
          {
            "hidden": false,
            "keyword": ">",
            "match": {
              "location": "D:\\Arpit\\Cypress_TestCafe\\TestCafe_Project\\Modules\\Login.js:1:0"
            },
            "name": "Unsuccessful Login with wrong password",
            "result": {
              "duration": 14384,
              "status": "passed"
            },
            "tags": [],
            "text": [
              "<a href=\"#\">Unsuccessful Login with wrong password</a>"
            ]
          }
        ],
        "tags": [],
        "type": "scenario",
        "uri": ""
      },
      {
        "id": "ScenarioUnsuccessful Login with wrong username",
        "keyword": "Scenario",
        "line": 0,
        "name": "Unsuccessful Login with wrong username",
        "skipped": false,
        "sourceLine": "undefined",
        "status": "passed",
        "steps": [
          {
            "hidden": false,
            "keyword": ">",
            "match": {
              "location": "D:\\Arpit\\Cypress_TestCafe\\TestCafe_Project\\Modules\\Login.js:1:0"
            },
            "name": "Unsuccessful Login with wrong username",
            "result": {
              "duration": 18861,
              "status": "passed"
            },
            "tags": [],
            "text": [
              "<a href=\"#\">Unsuccessful Login with wrong username</a>"
            ]
          }
        ],
        "tags": [],
        "type": "scenario",
        "uri": ""
      },
      {
        "id": "ScenarioUnsuccessful Login with no username",
        "keyword": "Scenario",
        "line": 0,
        "name": "Unsuccessful Login with no username",
        "skipped": false,
        "sourceLine": "undefined",
        "status": "failed",
        "steps": [
          {
            "hidden": false,
            "keyword": ">",
            "match": {
              "location": "D:\\Arpit\\Cypress_TestCafe\\TestCafe_Project\\Modules\\Login.js:1:0"
            },
            "name": "Unsuccessful Login with no username",
            "result": {
              "duration": 13420,
              "error_message": "1) AssertionError: the given combination of arguments (function and string) is invalid for this assertion. You can use an array, a map, an object, a set, a string, or a weakset instead of a string\n\n   Browser: Chrome 97.0.4692.99 / Windows 10\n\n      52 | \n      53 | test('Unsuccessful Login with no username', async t => {\n      54 |     //LoginPage.clickLogin()\n      55 |     LoginPage.enterPassword(validPassword)\n      56 |     LoginPage.clickLoginSubmit() \n   --------------------------------------------\n    &rarr; 57 |     await t.expect(LoginPage.LoginPage_ValidUsername_Message).contains(nofieldError)\n   --------------------------------------------\n      58 | });\n      59 | \n      60 | test('Unsuccessful Login with no password', async t => {\n      61 |     //LoginPage.clickLogin()\n      62 |     LoginPage.enterUserName(validUsername)\n\n      at <anonymous> (D:\\Arpit\\Cypress_TestCafe\\TestCafe_Project\\Modules\\Login.js:57:63)\n      at asyncGeneratorStep (D:\\Arpit\\Cypress_TestCafe\\TestCafe_Project\\Modules\\Login.js:3:263)\n      at _next (D:\\Arpit\\Cypress_TestCafe\\TestCafe_Project\\Modules\\Login.js:3:601)\n      at <anonymous> (D:\\Arpit\\Cypress_TestCafe\\TestCafe_Project\\Modules\\Login.js:3:766)\n      at <anonymous> (D:\\Arpit\\Cypress_TestCafe\\TestCafe_Project\\Modules\\Login.js:3:507)\n      at <anonymous> (D:\\Arpit\\Cypress_TestCafe\\TestCafe_Project\\Modules\\Login.js:53:5)\n",
              "status": "failed"
            },
            "tags": [],
            "text": [
              "<a href=\"#\">Unsuccessful Login with no username</a>"
            ]
          }
        ],
        "tags": [],
        "type": "scenario",
        "uri": ""
      },
      {
        "id": "ScenarioUnsuccessful Login with no password",
        "keyword": "Scenario",
        "line": 0,
        "name": "Unsuccessful Login with no password",
        "skipped": false,
        "sourceLine": "undefined",
        "status": "failed",
        "steps": [
          {
            "hidden": false,
            "keyword": ">",
            "match": {
              "location": "D:\\Arpit\\Cypress_TestCafe\\TestCafe_Project\\Modules\\Login.js:1:0"
            },
            "name": "Unsuccessful Login with no password",
            "result": {
              "duration": 10447,
              "error_message": "1) AssertionError: the given combination of arguments (function and string) is invalid for this assertion. You can use an array, a map, an object, a set, a string, or a weakset instead of a string\n\n   Browser: Chrome 97.0.4692.99 / Windows 10\n\n      59 | \n      60 | test('Unsuccessful Login with no password', async t => {\n      61 |     //LoginPage.clickLogin()\n      62 |     LoginPage.enterUserName(validUsername)\n      63 |     LoginPage.clickLoginSubmit() \n   --------------------------------------------\n    &rarr; 64 |     await t.expect(LoginPage.LoginPage_ValidPassword_Message).contains(nofieldError)    \n   --------------------------------------------\n      65 | });\n      66 | \n      67 | test('Unsuccessful Login with no username and password', async t => {\n      68 |     //LoginPage.clickLogin()\n      69 |     LoginPage.clickLoginSubmit() \n\n      at <anonymous> (D:\\Arpit\\Cypress_TestCafe\\TestCafe_Project\\Modules\\Login.js:64:63)\n      at asyncGeneratorStep (D:\\Arpit\\Cypress_TestCafe\\TestCafe_Project\\Modules\\Login.js:3:263)\n      at _next (D:\\Arpit\\Cypress_TestCafe\\TestCafe_Project\\Modules\\Login.js:3:601)\n      at <anonymous> (D:\\Arpit\\Cypress_TestCafe\\TestCafe_Project\\Modules\\Login.js:3:766)\n      at <anonymous> (D:\\Arpit\\Cypress_TestCafe\\TestCafe_Project\\Modules\\Login.js:3:507)\n      at <anonymous> (D:\\Arpit\\Cypress_TestCafe\\TestCafe_Project\\Modules\\Login.js:60:5)\n",
              "status": "failed"
            },
            "tags": [],
            "text": [
              "<a href=\"#\">Unsuccessful Login with no password</a>"
            ]
          }
        ],
        "tags": [],
        "type": "scenario",
        "uri": ""
      },
      {
        "id": "ScenarioUnsuccessful Login with no username and password",
        "keyword": "Scenario",
        "line": 0,
        "name": "Unsuccessful Login with no username and password",
        "skipped": false,
        "sourceLine": "undefined",
        "status": "failed",
        "steps": [
          {
            "hidden": false,
            "keyword": ">",
            "match": {
              "location": "D:\\Arpit\\Cypress_TestCafe\\TestCafe_Project\\Modules\\Login.js:1:0"
            },
            "name": "Unsuccessful Login with no username and password",
            "result": {
              "duration": 10019,
              "error_message": "1) AssertionError: the given combination of arguments (function and string) is invalid for this assertion. You can use an array, a map, an object, a set, a string, or a weakset instead of a string\n\n   Browser: Chrome 97.0.4692.99 / Windows 10\n\n      65 | });\n      66 | \n      67 | test('Unsuccessful Login with no username and password', async t => {\n      68 |     //LoginPage.clickLogin()\n      69 |     LoginPage.clickLoginSubmit() \n   --------------------------------------------\n    &rarr; 70 |     await t.expect(LoginPage.LoginPage_ValidPassword_Message).contains(nofieldError)   \n   --------------------------------------------\n      71 |     await t.expect(LoginPage.LoginPage_ValidUsername_Message).contains(nofieldError)     \n      72 | });\n      73 | \n      74 | \n      75 | test('Successful Logout', async t => {\n\n      at <anonymous> (D:\\Arpit\\Cypress_TestCafe\\TestCafe_Project\\Modules\\Login.js:70:63)\n      at asyncGeneratorStep (D:\\Arpit\\Cypress_TestCafe\\TestCafe_Project\\Modules\\Login.js:3:263)\n      at _next (D:\\Arpit\\Cypress_TestCafe\\TestCafe_Project\\Modules\\Login.js:3:601)\n      at <anonymous> (D:\\Arpit\\Cypress_TestCafe\\TestCafe_Project\\Modules\\Login.js:3:766)\n      at <anonymous> (D:\\Arpit\\Cypress_TestCafe\\TestCafe_Project\\Modules\\Login.js:3:507)\n      at <anonymous> (D:\\Arpit\\Cypress_TestCafe\\TestCafe_Project\\Modules\\Login.js:67:5)\n",
              "status": "failed"
            },
            "tags": [],
            "text": [
              "<a href=\"#\">Unsuccessful Login with no username and password</a>"
            ]
          }
        ],
        "tags": [],
        "type": "scenario",
        "uri": ""
      },
      {
        "id": "ScenarioSuccessful Logout",
        "keyword": "Scenario",
        "line": 0,
        "name": "Successful Logout",
        "skipped": false,
        "sourceLine": "undefined",
        "status": "passed",
        "steps": [
          {
            "hidden": false,
            "keyword": ">",
            "match": {
              "location": "D:\\Arpit\\Cypress_TestCafe\\TestCafe_Project\\Modules\\Login.js:1:0"
            },
            "name": "Successful Logout",
            "result": {
              "duration": 28794,
              "status": "passed"
            },
            "tags": [],
            "text": [
              "<a href=\"#\">Successful Logout</a>"
            ]
          }
        ],
        "tags": [],
        "type": "scenario",
        "uri": ""
      }
    ],
    "id": "Login",
    "keyword": "Feature",
    "line": 0,
    "metadata": {
      "browser": {
        "name": "chrome",
        "version": "97.0.4692.99"
      },
      "device": "Windows",
      "platform": {
        "name": "windows",
        "version": "10"
      },
      "reportTime": "2022-01-24T05:51:22.054Z",
      "startTime": "2022-01-24T05:47:04.050Z"
    },
    "name": "Login",
    "skipped": false,
    "tags": [
      {
        "line": 0,
        "name": "@successful"
      },
      {
        "line": 0,
        "name": "@logout"
      },
      {
        "line": 0,
        "name": "@unsuccessful"
      },
      {
        "line": 0,
        "name": "@login"
      },
      {
        "line": 0,
        "name": "@username"
      },
      {
        "line": 0,
        "name": "@password"
      },
      {
        "line": 0,
        "name": "@wrong"
      },
      {
        "line": 0,
        "name": "@invalid"
      }
    ],
    "uri": "D:\\Arpit\\Cypress_TestCafe\\TestCafe_Project\\Modules\\Login.js:1"
  },
  {
    "description": "Signup",
    "elements": [
      {
        "id": "ScenarioUnsuccessful Signup with already existing email",
        "keyword": "Scenario",
        "line": 0,
        "name": "Unsuccessful Signup with already existing email",
        "skipped": false,
        "sourceLine": "undefined",
        "status": "failed",
        "steps": [
          {
            "hidden": false,
            "keyword": ">",
            "match": {
              "location": "D:\\Arpit\\Cypress_TestCafe\\TestCafe_Project\\Modules\\Signup.js:1:0"
            },
            "name": "Unsuccessful Signup with already existing email",
            "result": {
              "duration": 22787,
              "error_message": "1) Unhandled promise rejection:\n\n     { code: 'E26', isTestCafeError: true, callsite: CallsiteRecord { filename: 'D:\\\\Arpit\\\\Cypress_TestCafe\\\\TestCafe_Project\\\\Pages\\\\SignupPage.js', lineNum: 29, callsiteFrameIdx: 5, stackFrames: [\n   [Object],    [Object],    [Object],\n   [Object],    [Object],    [Object],\n   CallSite {}, [Object],    [Object],\n   [Object],    CallSite {}, [Object],\n   [Object],    [Object],    CallSite {},\n   [Object],    [Object],    [Object],\n   CallSite {}, [Object],    [Object],\n   [Object],    [Object],    [Object],\n   [Object],    [Object],    CallSite {},\n   [Object]\n   ], isV8Frames: true }, id: 'v~NPu_p' }\n\n   Browser: Chrome 97.0.4692.99 / Windows 10",
              "status": "failed"
            },
            "tags": [],
            "text": [
              "<a href=\"#\">Unsuccessful Signup with already existing email</a>"
            ]
          }
        ],
        "tags": [],
        "type": "scenario",
        "uri": ""
      },
      {
        "id": "ScenarioUnsuccessful Signup with invalid email",
        "keyword": "Scenario",
        "line": 0,
        "name": "Unsuccessful Signup with invalid email",
        "skipped": false,
        "sourceLine": "undefined",
        "status": "failed",
        "steps": [
          {
            "hidden": false,
            "keyword": ">",
            "match": {
              "location": "D:\\Arpit\\Cypress_TestCafe\\TestCafe_Project\\Modules\\Signup.js:1:0"
            },
            "name": "Unsuccessful Signup with invalid email",
            "result": {
              "duration": 23372,
              "error_message": "1) Unhandled promise rejection:\n\n     { code: 'E26', isTestCafeError: true, callsite: CallsiteRecord { filename: 'D:\\\\Arpit\\\\Cypress_TestCafe\\\\TestCafe_Project\\\\Pages\\\\SignupPage.js', lineNum: 29, callsiteFrameIdx: 5, stackFrames: [\n   [Object],    [Object],    [Object],\n   [Object],    [Object],    [Object],\n   CallSite {}, [Object],    [Object],\n   [Object],    CallSite {}, [Object],\n   [Object],    [Object],    CallSite {},\n   [Object],    [Object],    [Object],\n   CallSite {}, [Object],    [Object],\n   [Object],    [Object],    [Object],\n   [Object],    [Object],    CallSite {},\n   [Object]\n   ], isV8Frames: true }, id: 'CCmoQMd' }\n\n   Browser: Chrome 97.0.4692.99 / Windows 10",
              "status": "failed"
            },
            "tags": [],
            "text": [
              "<a href=\"#\">Unsuccessful Signup with invalid email</a>"
            ]
          }
        ],
        "tags": [],
        "type": "scenario",
        "uri": ""
      },
      {
        "id": "ScenarioUnsuccessful Signup with invalid password",
        "keyword": "Scenario",
        "line": 0,
        "name": "Unsuccessful Signup with invalid password",
        "skipped": false,
        "sourceLine": "undefined",
        "status": "failed",
        "steps": [
          {
            "hidden": false,
            "keyword": ">",
            "match": {
              "location": "D:\\Arpit\\Cypress_TestCafe\\TestCafe_Project\\Modules\\Signup.js:1:0"
            },
            "name": "Unsuccessful Signup with invalid password",
            "result": {
              "duration": 25049,
              "error_message": "1) Unhandled promise rejection:\n\n     { code: 'E26', isTestCafeError: true, callsite: CallsiteRecord { filename: 'D:\\\\Arpit\\\\Cypress_TestCafe\\\\TestCafe_Project\\\\Pages\\\\SignupPage.js', lineNum: 29, callsiteFrameIdx: 5, stackFrames: [\n   [Object],    [Object],    [Object],\n   [Object],    [Object],    [Object],\n   CallSite {}, [Object],    [Object],\n   [Object],    CallSite {}, [Object],\n   [Object],    [Object],    CallSite {},\n   [Object],    [Object],    [Object],\n   CallSite {}, [Object],    [Object],\n   [Object],    [Object],    [Object],\n   [Object],    [Object],    CallSite {},\n   [Object]\n   ], isV8Frames: true }, id: 'E3wbRWB' }\n\n   Browser: Chrome 97.0.4692.99 / Windows 10",
              "status": "failed"
            },
            "tags": [],
            "text": [
              "<a href=\"#\">Unsuccessful Signup with invalid password</a>"
            ]
          }
        ],
        "tags": [],
        "type": "scenario",
        "uri": ""
      },
      {
        "id": "ScenarioUnsuccessful Signup with no fields",
        "keyword": "Scenario",
        "line": 0,
        "name": "Unsuccessful Signup with no fields",
        "skipped": false,
        "sourceLine": "undefined",
        "status": "failed",
        "steps": [
          {
            "hidden": false,
            "keyword": ">",
            "match": {
              "location": "D:\\Arpit\\Cypress_TestCafe\\TestCafe_Project\\Modules\\Signup.js:1:0"
            },
            "name": "Unsuccessful Signup with no fields",
            "result": {
              "duration": 27782,
              "error_message": "1) Cannot obtain information about the node because the specified selector does not match any node in the DOM tree.\n\n   Â > | Selector('h3+div')\n\n   Browser: Chrome 97.0.4692.99 / Windows 10\n\n      55 | \n      56 | \n      57 | test('Unsuccessful Signup with no fields', async t => {\n      58 |     SignupPage.clickSignup()\n      59 |     SignupPage.clickSignupSubmit()\n   --------------------------------------------\n    &rarr; 60 |     await t.expect(SignupPage.Signup_Invalid_Credentials_Message.innerText).contains(nofieldError);\n   --------------------------------------------\n      61 | \n      62 | });\n      63 | \n      64 | test('Successful Signup', async t => {\n      65 |     SignupPage.clickSignup()\n\n      at <anonymous> (D:\\Arpit\\Cypress_TestCafe\\TestCafe_Project\\Modules\\Signup.js:60:77)\n      at asyncGeneratorStep (D:\\Arpit\\Cypress_TestCafe\\TestCafe_Project\\Modules\\Signup.js:3:267)\n      at _next (D:\\Arpit\\Cypress_TestCafe\\TestCafe_Project\\Modules\\Signup.js:3:605)\n      at <anonymous> (D:\\Arpit\\Cypress_TestCafe\\TestCafe_Project\\Modules\\Signup.js:3:770)\n      at <anonymous> (D:\\Arpit\\Cypress_TestCafe\\TestCafe_Project\\Modules\\Signup.js:3:511)\n      at <anonymous> (D:\\Arpit\\Cypress_TestCafe\\TestCafe_Project\\Modules\\Signup.js:57:5)\n\n2) Unhandled promise rejection:\n\n     { code: 'E26', isTestCafeError: true, callsite: CallsiteRecord { filename: 'D:\\\\Arpit\\\\Cypress_TestCafe\\\\TestCafe_Project\\\\Pages\\\\SignupPage.js', lineNum: 29, callsiteFrameIdx: 5, stackFrames: [\n   [Object],    [Object],    [Object],\n   [Object],    [Object],    [Object],\n   CallSite {}, [Object],    [Object],\n   [Object],    CallSite {}, [Object],\n   [Object],    [Object],    CallSite {},\n   [Object],    [Object],    [Object],\n   CallSite {}, [Object],    [Object],\n   [Object],    [Object],    [Object],\n   [Object],    [Object],    CallSite {},\n   [Object]\n   ], isV8Frames: true }, id: 'ZAy_wLF' }\n\n   Browser: Chrome 97.0.4692.99 / Windows 10",
              "status": "failed"
            },
            "tags": [],
            "text": [
              "<a href=\"#\">Unsuccessful Signup with no fields</a>"
            ]
          }
        ],
        "tags": [],
        "type": "scenario",
        "uri": ""
      },
      {
        "id": "ScenarioSuccessful Signup",
        "keyword": "Scenario",
        "line": 0,
        "name": "Successful Signup",
        "skipped": false,
        "sourceLine": "undefined",
        "status": "failed",
        "steps": [
          {
            "hidden": false,
            "keyword": ">",
            "match": {
              "location": "D:\\Arpit\\Cypress_TestCafe\\TestCafe_Project\\Modules\\Signup.js:1:0"
            },
            "name": "Successful Signup",
            "result": {
              "duration": 58865,
              "error_message": "1) Unhandled promise rejection:\n\n     { code: 'E26', isTestCafeError: true, callsite: CallsiteRecord { filename: 'D:\\\\Arpit\\\\Cypress_TestCafe\\\\TestCafe_Project\\\\Pages\\\\SignupPage.js', lineNum: 29, callsiteFrameIdx: 5, stackFrames: [\n   [Object],    [Object],    [Object],\n   [Object],    [Object],    [Object],\n   CallSite {}, [Object],    [Object],\n   [Object],    CallSite {}, [Object],\n   [Object],    [Object],    CallSite {},\n   [Object],    [Object],    [Object],\n   CallSite {}, [Object],    [Object],\n   [Object],    [Object],    [Object],\n   [Object],    [Object],    CallSite {},\n   [Object]\n   ], isV8Frames: true }, id: 'pbCDqMj' }\n\n   Browser: Chrome 97.0.4692.99 / Windows 10",
              "status": "failed"
            },
            "tags": [],
            "text": [
              "<a href=\"#\">Successful Signup</a>"
            ]
          }
        ],
        "tags": [],
        "type": "scenario",
        "uri": ""
      }
    ],
    "id": "Signup",
    "keyword": "Feature",
    "line": 0,
    "metadata": {
      "browser": {
        "name": "chrome",
        "version": "97.0.4692.99"
      },
      "device": "Windows",
      "platform": {
        "name": "windows",
        "version": "10"
      },
      "reportTime": "2022-01-24T05:51:22.054Z",
      "startTime": "2022-01-24T05:47:04.050Z"
    },
    "name": "Signup",
    "runInfo": {
      "endTime": "2022-01-24T05:51:22.053Z",
      "passed": 3,
      "startTime": "2022-01-24T05:47:04.050Z",
      "testCount": 13,
      "userAgents": [
        "Chrome 97.0.4692.99 / Windows 10",
        "Microsoft Edge 97.0.1072.69 / Windows 10",
        "Chrome 97.0.4692.99 / Windows 10 (Emulating iPhone X)"
      ],
      "warnings": [
        "The \"src\" option from the configuration file will be ignored.",
        "You passed a Selector object to 't.expect()'.\nIf you want to check that a matched element exists, pass the 'selector.exists' value instead.\n\n   52 |\n   53 |test('Unsuccessful Login with no username', async t => {\n   54 |    //LoginPage.clickLogin()\n   55 |    LoginPage.enterPassword(validPassword)\n   56 |    LoginPage.clickLoginSubmit() \n > 57 |    await t.expect(LoginPage.LoginPage_ValidUsername_Message).contains(nofieldError)\n   58 |});\n   59 |\n   60 |test('Unsuccessful Login with no password', async t => {\n   61 |    //LoginPage.clickLogin()\n   62 |    LoginPage.enterUserName(validUsername)\n\n   at <anonymous> (D:\\Arpit\\Cypress_TestCafe\\TestCafe_Project\\Modules\\Login.js:57:63)\n   at asyncGeneratorStep (D:\\Arpit\\Cypress_TestCafe\\TestCafe_Project\\Modules\\Login.js:3:263)\n   at _next (D:\\Arpit\\Cypress_TestCafe\\TestCafe_Project\\Modules\\Login.js:3:601)\n   at <anonymous> (D:\\Arpit\\Cypress_TestCafe\\TestCafe_Project\\Modules\\Login.js:3:766)\n   at <anonymous> (D:\\Arpit\\Cypress_TestCafe\\TestCafe_Project\\Modules\\Login.js:3:507)\n   at <anonymous> (D:\\Arpit\\Cypress_TestCafe\\TestCafe_Project\\Modules\\Login.js:53:5)",
        "You passed a Selector object to 't.expect()'.\nIf you want to check that a matched element exists, pass the 'selector.exists' value instead.\n\n   59 |\n   60 |test('Unsuccessful Login with no password', async t => {\n   61 |    //LoginPage.clickLogin()\n   62 |    LoginPage.enterUserName(validUsername)\n   63 |    LoginPage.clickLoginSubmit() \n > 64 |    await t.expect(LoginPage.LoginPage_ValidPassword_Message).contains(nofieldError)    \n   65 |});\n   66 |\n   67 |test('Unsuccessful Login with no username and password', async t => {\n   68 |    //LoginPage.clickLogin()\n   69 |    LoginPage.clickLoginSubmit() \n\n   at <anonymous> (D:\\Arpit\\Cypress_TestCafe\\TestCafe_Project\\Modules\\Login.js:64:63)\n   at asyncGeneratorStep (D:\\Arpit\\Cypress_TestCafe\\TestCafe_Project\\Modules\\Login.js:3:263)\n   at _next (D:\\Arpit\\Cypress_TestCafe\\TestCafe_Project\\Modules\\Login.js:3:601)\n   at <anonymous> (D:\\Arpit\\Cypress_TestCafe\\TestCafe_Project\\Modules\\Login.js:3:766)\n   at <anonymous> (D:\\Arpit\\Cypress_TestCafe\\TestCafe_Project\\Modules\\Login.js:3:507)\n   at <anonymous> (D:\\Arpit\\Cypress_TestCafe\\TestCafe_Project\\Modules\\Login.js:60:5)",
        "You passed a Selector object to 't.expect()'.\nIf you want to check that a matched element exists, pass the 'selector.exists' value instead.\n\n   65 |});\n   66 |\n   67 |test('Unsuccessful Login with no username and password', async t => {\n   68 |    //LoginPage.clickLogin()\n   69 |    LoginPage.clickLoginSubmit() \n > 70 |    await t.expect(LoginPage.LoginPage_ValidPassword_Message).contains(nofieldError)   \n   71 |    await t.expect(LoginPage.LoginPage_ValidUsername_Message).contains(nofieldError)     \n   72 |});\n   73 |\n   74 |\n   75 |test('Successful Logout', async t => {\n\n   at <anonymous> (D:\\Arpit\\Cypress_TestCafe\\TestCafe_Project\\Modules\\Login.js:70:63)\n   at asyncGeneratorStep (D:\\Arpit\\Cypress_TestCafe\\TestCafe_Project\\Modules\\Login.js:3:263)\n   at _next (D:\\Arpit\\Cypress_TestCafe\\TestCafe_Project\\Modules\\Login.js:3:601)\n   at <anonymous> (D:\\Arpit\\Cypress_TestCafe\\TestCafe_Project\\Modules\\Login.js:3:766)\n   at <anonymous> (D:\\Arpit\\Cypress_TestCafe\\TestCafe_Project\\Modules\\Login.js:3:507)\n   at <anonymous> (D:\\Arpit\\Cypress_TestCafe\\TestCafe_Project\\Modules\\Login.js:67:5)",
        "You passed a Selector object to 't.expect()'.\nIf you want to check that a matched element exists, pass the 'selector.exists' value instead.\n\n   75 |   SignupPage.enterTestPassword(password)\n   76 |   await t.wait(10000)\n   77 |   SignupPage.clickConfirmationMail()\n   78 |   await t.wait(5000)\n   79 |   await t.switchToWindow(w => w.url.host === confirmation_host_url)\n > 80 |   await t.expect(SignupPage.SignupConfirmation_Message).ok();\n   81 |\n   82 |});\n\n   at <anonymous> (D:\\Arpit\\Cypress_TestCafe\\TestCafe_Project\\Modules\\Signup.js:80:58)\n   at asyncGeneratorStep (D:\\Arpit\\Cypress_TestCafe\\TestCafe_Project\\Modules\\Signup.js:3:267)\n   at _next (D:\\Arpit\\Cypress_TestCafe\\TestCafe_Project\\Modules\\Signup.js:3:605)"
      ]
    },
    "skipped": false,
    "tags": [
      {
        "line": 0,
        "name": "@successful"
      },
      {
        "line": 0,
        "name": "@signup"
      },
      {
        "line": 0,
        "name": "@unsuccessful"
      },
      {
        "line": 0,
        "name": "@fields"
      },
      {
        "line": 0,
        "name": "@invalid"
      },
      {
        "line": 0,
        "name": "@password"
      },
      {
        "line": 0,
        "name": "@email"
      },
      {
        "line": 0,
        "name": "@already"
      },
      {
        "line": 0,
        "name": "@existing"
      }
    ],
    "uri": "D:\\Arpit\\Cypress_TestCafe\\TestCafe_Project\\Modules\\Signup.js:1"
  }
]